<?xml version="1.0" encoding="utf-8"?>
<TestRun id="fc35ea33-715e-41ee-aa66-294eb03765e1" name="anacl@DESKTOP-OIV0IV9 2020-07-05 17:48:41" runUser="DESKTOP-OIV0IV9\anacl" xmlns="http://microsoft.com/schemas/VisualStudio/TeamTest/2010">
  <Times creation="2020-07-05T17:48:41.4571010-03:00" queuing="2020-07-05T17:48:41.4571030-03:00" start="2020-07-05T17:48:10.4902623-03:00" finish="2020-07-05T17:49:04.6761334-03:00" />
  <TestSettings name="default" id="0cf07014-ed85-4a26-b5bf-984f774e9d56">
    <Deployment runDeploymentRoot="anacl_DESKTOP-OIV0IV9_2020-07-05_17_48_41" />
  </TestSettings>
  <Results>
    <UnitTestResult executionId="5faef1d0-59bc-4d53-8dcf-5b1c5fa44d32" testId="47e1132d-d362-46e8-f71a-7f667e5df8e4" testName="FailLoginEmail" computerName="DESKTOP-OIV0IV9" duration="00:00:27.6459890" startTime="2020-07-05T17:48:13.0000000-03:00" endTime="2020-07-05T17:48:41.0000000-03:00" testType="13cdc9d9-ddb5-4fa4-a97d-d965ccfc6d4b" outcome="Passed" testListId="8c84fa94-04c1-424b-9868-57a2d4851a1d" relativeResultsDirectory="5faef1d0-59bc-4d53-8dcf-5b1c5fa44d32">
      <ResultFiles>
        <ResultFile path="DESKTOP-OIV0IV9\0-1002.png" />
      </ResultFiles>
    </UnitTestResult>
    <UnitTestResult executionId="cd4228ec-d7da-43bb-8c3d-02dc7568e6e3" testId="1233b533-fb57-80b3-0d1c-ae1d575a48fe" testName="SucessfullyLoginEmail" computerName="DESKTOP-OIV0IV9" duration="00:00:23.1423500" startTime="2020-07-05T17:48:41.0000000-03:00" endTime="2020-07-05T17:49:04.0000000-03:00" testType="13cdc9d9-ddb5-4fa4-a97d-d965ccfc6d4b" outcome="Passed" testListId="8c84fa94-04c1-424b-9868-57a2d4851a1d" relativeResultsDirectory="cd4228ec-d7da-43bb-8c3d-02dc7568e6e3">
      <ResultFiles>
        <ResultFile path="DESKTOP-OIV0IV9\0-1001.png" />
      </ResultFiles>
    </UnitTestResult>
  </Results>
  <TestDefinitions>
    <UnitTest name="FailLoginEmail" storage="c:\testeze\cenariotesteze-net\bin\debug\netcoreapp3.1\cenariotesteze-net.dll" id="47e1132d-d362-46e8-f71a-7f667e5df8e4">
      <Execution id="5faef1d0-59bc-4d53-8dcf-5b1c5fa44d32" />
      <TestMethod codeBase="C:\testeze\cenariotesteze-net\bin\Debug\netcoreapp3.1\cenariotesteze-net.dll" adapterTypeName="executor://nunit3testexecutor/" className="Zedelivery.Tests.LoginTests" name="FailLoginEmail" />
    </UnitTest>
    <UnitTest name="SucessfullyLoginEmail" storage="c:\testeze\cenariotesteze-net\bin\debug\netcoreapp3.1\cenariotesteze-net.dll" id="1233b533-fb57-80b3-0d1c-ae1d575a48fe">
      <Execution id="cd4228ec-d7da-43bb-8c3d-02dc7568e6e3" />
      <TestMethod codeBase="C:\testeze\cenariotesteze-net\bin\Debug\netcoreapp3.1\cenariotesteze-net.dll" adapterTypeName="executor://nunit3testexecutor/" className="Zedelivery.Tests.LoginTests" name="SucessfullyLoginEmail" />
    </UnitTest>
  </TestDefinitions>
  <TestEntries>
    <TestEntry testId="47e1132d-d362-46e8-f71a-7f667e5df8e4" executionId="5faef1d0-59bc-4d53-8dcf-5b1c5fa44d32" testListId="8c84fa94-04c1-424b-9868-57a2d4851a1d" />
    <TestEntry testId="1233b533-fb57-80b3-0d1c-ae1d575a48fe" executionId="cd4228ec-d7da-43bb-8c3d-02dc7568e6e3" testListId="8c84fa94-04c1-424b-9868-57a2d4851a1d" />
  </TestEntries>
  <TestLists>
    <TestList name="Resultados que não estão em uma lista" id="8c84fa94-04c1-424b-9868-57a2d4851a1d" />
    <TestList name="Todos os resultados carregados" id="19431567-8539-422a-85d7-44ee4e166bda" />
  </TestLists>
  <ResultSummary outcome="Completed">
    <Counters total="2" executed="2" passed="2" failed="0" error="0" timeout="0" aborted="0" inconclusive="0" passedButRunAborted="0" notRunnable="0" notExecuted="0" disconnected="0" warning="0" completed="0" inProgress="0" pending="0" />
    <Output>
      <StdOut>NUnit Adapter 3.15.1.0: Test execution started&#xD;
Running all tests in C:\testeze\cenariotesteze-net\bin\Debug\netcoreapp3.1\cenariotesteze-net.dll&#xD;
   NUnit3TestExecutor converted 2 of 2 NUnit test cases&#xD;
NUnit Adapter 3.15.1.0: Test execution complete&#xD;
</StdOut>
    </Output>
  </ResultSummary>
</TestRun>